<?xml version="1.0" encoding="UTF-8"?>
<testsuite xmlns:xsi="http://www.w3.org/2001/XMLSchema-instance" xsi:noNamespaceSchemaLocation="https://maven.apache.org/surefire/maven-surefire-plugin/xsd/surefire-test-report.xsd" name="com.everis.CreditPaymentServiceApplicationTests" time="19.676" tests="1" errors="0" skipped="0" failures="0">
  <properties>
    <property name="sun.desktop" value="windows"/>
    <property name="awt.toolkit" value="sun.awt.windows.WToolkit"/>
    <property name="file.encoding.pkg" value="sun.io"/>
    <property name="java.specification.version" value="1.8"/>
    <property name="sun.cpu.isalist" value="amd64"/>
    <property name="sun.jnu.encoding" value="Cp1252"/>
    <property name="java.class.path" value="c:\Users\ALEJANDRO\OneDrive\Documentos\Eclipse Proyectos\SpringBoot\Github\proyecto2-everis\Proyecto2-everis\credit-payment-service\target\test-classes;c:\Users\ALEJANDRO\OneDrive\Documentos\Eclipse Proyectos\SpringBoot\Github\proyecto2-everis\Proyecto2-everis\credit-payment-service\target\classes;C:\Users\ALEJANDRO\.m2\repository\org\springframework\boot\spring-boot-starter-actuator\2.5.1\spring-boot-starter-actuator-2.5.1.jar;C:\Users\ALEJANDRO\.m2\repository\org\springframework\boot\spring-boot-starter\2.5.1\spring-boot-starter-2.5.1.jar;C:\Users\ALEJANDRO\.m2\repository\org\springframework\boot\spring-boot\2.5.1\spring-boot-2.5.1.jar;C:\Users\ALEJANDRO\.m2\repository\org\springframework\boot\spring-boot-autoconfigure\2.5.1\spring-boot-autoconfigure-2.5.1.jar;C:\Users\ALEJANDRO\.m2\repository\org\springframework\boot\spring-boot-starter-logging\2.5.1\spring-boot-starter-logging-2.5.1.jar;C:\Users\ALEJANDRO\.m2\repository\ch\qos\logback\logback-classic\1.2.3\logback-classic-1.2.3.jar;C:\Users\ALEJANDRO\.m2\repository\ch\qos\logback\logback-core\1.2.3\logback-core-1.2.3.jar;C:\Users\ALEJANDRO\.m2\repository\org\apache\logging\log4j\log4j-to-slf4j\2.14.1\log4j-to-slf4j-2.14.1.jar;C:\Users\ALEJANDRO\.m2\repository\org\apache\logging\log4j\log4j-api\2.14.1\log4j-api-2.14.1.jar;C:\Users\ALEJANDRO\.m2\repository\org\slf4j\jul-to-slf4j\1.7.30\jul-to-slf4j-1.7.30.jar;C:\Users\ALEJANDRO\.m2\repository\jakarta\annotation\jakarta.annotation-api\1.3.5\jakarta.annotation-api-1.3.5.jar;C:\Users\ALEJANDRO\.m2\repository\org\yaml\snakeyaml\1.28\snakeyaml-1.28.jar;C:\Users\ALEJANDRO\.m2\repository\org\springframework\boot\spring-boot-actuator-autoconfigure\2.5.1\spring-boot-actuator-autoconfigure-2.5.1.jar;C:\Users\ALEJANDRO\.m2\repository\org\springframework\boot\spring-boot-actuator\2.5.1\spring-boot-actuator-2.5.1.jar;C:\Users\ALEJANDRO\.m2\repository\com\fasterxml\jackson\datatype\jackson-datatype-jsr310\2.12.3\jackson-datatype-jsr310-2.12.3.jar;C:\Users\ALEJANDRO\.m2\repository\io\micrometer\micrometer-core\1.7.0\micrometer-core-1.7.0.jar;C:\Users\ALEJANDRO\.m2\repository\org\hdrhistogram\HdrHistogram\2.1.12\HdrHistogram-2.1.12.jar;C:\Users\ALEJANDRO\.m2\repository\org\latencyutils\LatencyUtils\2.0.3\LatencyUtils-2.0.3.jar;C:\Users\ALEJANDRO\.m2\repository\org\springframework\boot\spring-boot-starter-data-mongodb-reactive\2.5.1\spring-boot-starter-data-mongodb-reactive-2.5.1.jar;C:\Users\ALEJANDRO\.m2\repository\io\projectreactor\reactor-core\3.4.6\reactor-core-3.4.6.jar;C:\Users\ALEJANDRO\.m2\repository\org\reactivestreams\reactive-streams\1.0.3\reactive-streams-1.0.3.jar;C:\Users\ALEJANDRO\.m2\repository\org\mongodb\mongodb-driver-reactivestreams\4.2.3\mongodb-driver-reactivestreams-4.2.3.jar;C:\Users\ALEJANDRO\.m2\repository\org\mongodb\bson\4.2.3\bson-4.2.3.jar;C:\Users\ALEJANDRO\.m2\repository\org\mongodb\mongodb-driver-core\4.2.3\mongodb-driver-core-4.2.3.jar;C:\Users\ALEJANDRO\.m2\repository\org\springframework\data\spring-data-mongodb\3.2.1\spring-data-mongodb-3.2.1.jar;C:\Users\ALEJANDRO\.m2\repository\org\springframework\spring-beans\5.3.8\spring-beans-5.3.8.jar;C:\Users\ALEJANDRO\.m2\repository\org\springframework\spring-expression\5.3.8\spring-expression-5.3.8.jar;C:\Users\ALEJANDRO\.m2\repository\org\springframework\data\spring-data-commons\2.5.1\spring-data-commons-2.5.1.jar;C:\Users\ALEJANDRO\.m2\repository\org\springframework\boot\spring-boot-starter-webflux\2.5.1\spring-boot-starter-webflux-2.5.1.jar;C:\Users\ALEJANDRO\.m2\repository\org\springframework\boot\spring-boot-starter-json\2.5.1\spring-boot-starter-json-2.5.1.jar;C:\Users\ALEJANDRO\.m2\repository\com\fasterxml\jackson\datatype\jackson-datatype-jdk8\2.12.3\jackson-datatype-jdk8-2.12.3.jar;C:\Users\ALEJANDRO\.m2\repository\com\fasterxml\jackson\module\jackson-module-parameter-names\2.12.3\jackson-module-parameter-names-2.12.3.jar;C:\Users\ALEJANDRO\.m2\repository\org\springframework\boot\spring-boot-starter-reactor-netty\2.5.1\spring-boot-starter-reactor-netty-2.5.1.jar;C:\Users\ALEJANDRO\.m2\repository\io\projectreactor\netty\reactor-netty-http\1.0.7\reactor-netty-http-1.0.7.jar;C:\Users\ALEJANDRO\.m2\repository\io\netty\netty-codec-http\4.1.65.Final\netty-codec-http-4.1.65.Final.jar;C:\Users\ALEJANDRO\.m2\repository\io\netty\netty-common\4.1.65.Final\netty-common-4.1.65.Final.jar;C:\Users\ALEJANDRO\.m2\repository\io\netty\netty-buffer\4.1.65.Final\netty-buffer-4.1.65.Final.jar;C:\Users\ALEJANDRO\.m2\repository\io\netty\netty-transport\4.1.65.Final\netty-transport-4.1.65.Final.jar;C:\Users\ALEJANDRO\.m2\repository\io\netty\netty-codec\4.1.65.Final\netty-codec-4.1.65.Final.jar;C:\Users\ALEJANDRO\.m2\repository\io\netty\netty-codec-http2\4.1.65.Final\netty-codec-http2-4.1.65.Final.jar;C:\Users\ALEJANDRO\.m2\repository\io\netty\netty-resolver-dns\4.1.65.Final\netty-resolver-dns-4.1.65.Final.jar;C:\Users\ALEJANDRO\.m2\repository\io\netty\netty-resolver\4.1.65.Final\netty-resolver-4.1.65.Final.jar;C:\Users\ALEJANDRO\.m2\repository\io\netty\netty-codec-dns\4.1.65.Final\netty-codec-dns-4.1.65.Final.jar;C:\Users\ALEJANDRO\.m2\repository\io\netty\netty-resolver-dns-native-macos\4.1.65.Final\netty-resolver-dns-native-macos-4.1.65.Final-osx-x86_64.jar;C:\Users\ALEJANDRO\.m2\repository\io\netty\netty-transport-native-unix-common\4.1.65.Final\netty-transport-native-unix-common-4.1.65.Final.jar;C:\Users\ALEJANDRO\.m2\repository\io\netty\netty-transport-native-epoll\4.1.65.Final\netty-transport-native-epoll-4.1.65.Final-linux-x86_64.jar;C:\Users\ALEJANDRO\.m2\repository\io\projectreactor\netty\reactor-netty-core\1.0.7\reactor-netty-core-1.0.7.jar;C:\Users\ALEJANDRO\.m2\repository\io\netty\netty-handler-proxy\4.1.65.Final\netty-handler-proxy-4.1.65.Final.jar;C:\Users\ALEJANDRO\.m2\repository\io\netty\netty-codec-socks\4.1.65.Final\netty-codec-socks-4.1.65.Final.jar;C:\Users\ALEJANDRO\.m2\repository\org\springframework\spring-web\5.3.8\spring-web-5.3.8.jar;C:\Users\ALEJANDRO\.m2\repository\org\springframework\spring-webflux\5.3.8\spring-webflux-5.3.8.jar;C:\Users\ALEJANDRO\.m2\repository\org\springframework\cloud\spring-cloud-starter\3.0.3\spring-cloud-starter-3.0.3.jar;C:\Users\ALEJANDRO\.m2\repository\org\springframework\cloud\spring-cloud-context\3.0.3\spring-cloud-context-3.0.3.jar;C:\Users\ALEJANDRO\.m2\repository\org\springframework\security\spring-security-crypto\5.5.0\spring-security-crypto-5.5.0.jar;C:\Users\ALEJANDRO\.m2\repository\org\springframework\cloud\spring-cloud-commons\3.0.3\spring-cloud-commons-3.0.3.jar;C:\Users\ALEJANDRO\.m2\repository\org\springframework\security\spring-security-rsa\1.0.10.RELEASE\spring-security-rsa-1.0.10.RELEASE.jar;C:\Users\ALEJANDRO\.m2\repository\org\bouncycastle\bcpkix-jdk15on\1.68\bcpkix-jdk15on-1.68.jar;C:\Users\ALEJANDRO\.m2\repository\org\bouncycastle\bcprov-jdk15on\1.68\bcprov-jdk15on-1.68.jar;C:\Users\ALEJANDRO\.m2\repository\org\springframework\cloud\spring-cloud-starter-config\3.0.4\spring-cloud-starter-config-3.0.4.jar;C:\Users\ALEJANDRO\.m2\repository\org\springframework\cloud\spring-cloud-config-client\3.0.4\spring-cloud-config-client-3.0.4.jar;C:\Users\ALEJANDRO\.m2\repository\com\fasterxml\jackson\core\jackson-annotations\2.12.3\jackson-annotations-2.12.3.jar;C:\Users\ALEJANDRO\.m2\repository\org\apache\httpcomponents\httpclient\4.5.13\httpclient-4.5.13.jar;C:\Users\ALEJANDRO\.m2\repository\org\apache\httpcomponents\httpcore\4.4.14\httpcore-4.4.14.jar;C:\Users\ALEJANDRO\.m2\repository\commons-codec\commons-codec\1.15\commons-codec-1.15.jar;C:\Users\ALEJANDRO\.m2\repository\com\fasterxml\jackson\core\jackson-databind\2.12.3\jackson-databind-2.12.3.jar;C:\Users\ALEJANDRO\.m2\repository\com\fasterxml\jackson\core\jackson-core\2.12.3\jackson-core-2.12.3.jar;C:\Users\ALEJANDRO\.m2\repository\org\springframework\cloud\spring-cloud-starter-bootstrap\3.0.3\spring-cloud-starter-bootstrap-3.0.3.jar;C:\Users\ALEJANDRO\.m2\repository\org\springframework\kafka\spring-kafka\2.7.2\spring-kafka-2.7.2.jar;C:\Users\ALEJANDRO\.m2\repository\org\springframework\spring-context\5.3.8\spring-context-5.3.8.jar;C:\Users\ALEJANDRO\.m2\repository\org\springframework\spring-messaging\5.3.8\spring-messaging-5.3.8.jar;C:\Users\ALEJANDRO\.m2\repository\org\springframework\spring-tx\5.3.8\spring-tx-5.3.8.jar;C:\Users\ALEJANDRO\.m2\repository\org\springframework\retry\spring-retry\1.3.1\spring-retry-1.3.1.jar;C:\Users\ALEJANDRO\.m2\repository\org\apache\kafka\kafka-clients\2.7.1\kafka-clients-2.7.1.jar;C:\Users\ALEJANDRO\.m2\repository\com\github\luben\zstd-jni\1.4.5-6\zstd-jni-1.4.5-6.jar;C:\Users\ALEJANDRO\.m2\repository\org\lz4\lz4-java\1.7.1\lz4-java-1.7.1.jar;C:\Users\ALEJANDRO\.m2\repository\org\xerial\snappy\snappy-java\1.1.7.7\snappy-java-1.1.7.7.jar;C:\Users\ALEJANDRO\.m2\repository\org\jetbrains\kotlin\kotlin-stdlib\1.5.10\kotlin-stdlib-1.5.10.jar;C:\Users\ALEJANDRO\.m2\repository\org\jetbrains\annotations\13.0\annotations-13.0.jar;C:\Users\ALEJANDRO\.m2\repository\org\jetbrains\kotlin\kotlin-stdlib-common\1.5.10\kotlin-stdlib-common-1.5.10.jar;C:\Users\ALEJANDRO\.m2\repository\com\google\code\findbugs\jsr305\3.0.2\jsr305-3.0.2.jar;C:\Users\ALEJANDRO\.m2\repository\org\projectlombok\lombok\1.18.20\lombok-1.18.20.jar;C:\Users\ALEJANDRO\.m2\repository\org\springframework\boot\spring-boot-starter-test\2.5.1\spring-boot-starter-test-2.5.1.jar;C:\Users\ALEJANDRO\.m2\repository\org\springframework\boot\spring-boot-test\2.5.1\spring-boot-test-2.5.1.jar;C:\Users\ALEJANDRO\.m2\repository\org\springframework\boot\spring-boot-test-autoconfigure\2.5.1\spring-boot-test-autoconfigure-2.5.1.jar;C:\Users\ALEJANDRO\.m2\repository\com\jayway\jsonpath\json-path\2.5.0\json-path-2.5.0.jar;C:\Users\ALEJANDRO\.m2\repository\net\minidev\json-smart\2.4.7\json-smart-2.4.7.jar;C:\Users\ALEJANDRO\.m2\repository\net\minidev\accessors-smart\2.4.7\accessors-smart-2.4.7.jar;C:\Users\ALEJANDRO\.m2\repository\org\ow2\asm\asm\9.1\asm-9.1.jar;C:\Users\ALEJANDRO\.m2\repository\jakarta\xml\bind\jakarta.xml.bind-api\2.3.3\jakarta.xml.bind-api-2.3.3.jar;C:\Users\ALEJANDRO\.m2\repository\jakarta\activation\jakarta.activation-api\1.2.2\jakarta.activation-api-1.2.2.jar;C:\Users\ALEJANDRO\.m2\repository\org\assertj\assertj-core\3.19.0\assertj-core-3.19.0.jar;C:\Users\ALEJANDRO\.m2\repository\org\hamcrest\hamcrest\2.2\hamcrest-2.2.jar;C:\Users\ALEJANDRO\.m2\repository\org\junit\jupiter\junit-jupiter\5.7.2\junit-jupiter-5.7.2.jar;C:\Users\ALEJANDRO\.m2\repository\org\junit\jupiter\junit-jupiter-params\5.7.2\junit-jupiter-params-5.7.2.jar;C:\Users\ALEJANDRO\.m2\repository\org\junit\jupiter\junit-jupiter-engine\5.7.2\junit-jupiter-engine-5.7.2.jar;C:\Users\ALEJANDRO\.m2\repository\org\junit\platform\junit-platform-engine\1.7.2\junit-platform-engine-1.7.2.jar;C:\Users\ALEJANDRO\.m2\repository\org\mockito\mockito-core\3.9.0\mockito-core-3.9.0.jar;C:\Users\ALEJANDRO\.m2\repository\net\bytebuddy\byte-buddy\1.10.22\byte-buddy-1.10.22.jar;C:\Users\ALEJANDRO\.m2\repository\net\bytebuddy\byte-buddy-agent\1.10.22\byte-buddy-agent-1.10.22.jar;C:\Users\ALEJANDRO\.m2\repository\org\objenesis\objenesis\3.2\objenesis-3.2.jar;C:\Users\ALEJANDRO\.m2\repository\org\mockito\mockito-junit-jupiter\3.9.0\mockito-junit-jupiter-3.9.0.jar;C:\Users\ALEJANDRO\.m2\repository\org\skyscreamer\jsonassert\1.5.0\jsonassert-1.5.0.jar;C:\Users\ALEJANDRO\.m2\repository\com\vaadin\external\google\android-json\0.0.20131108.vaadin1\android-json-0.0.20131108.vaadin1.jar;C:\Users\ALEJANDRO\.m2\repository\org\springframework\spring-core\5.3.8\spring-core-5.3.8.jar;C:\Users\ALEJANDRO\.m2\repository\org\springframework\spring-jcl\5.3.8\spring-jcl-5.3.8.jar;C:\Users\ALEJANDRO\.m2\repository\org\springframework\spring-test\5.3.8\spring-test-5.3.8.jar;C:\Users\ALEJANDRO\.m2\repository\org\xmlunit\xmlunit-core\2.8.2\xmlunit-core-2.8.2.jar;C:\Users\ALEJANDRO\.m2\repository\io\projectreactor\reactor-test\3.4.6\reactor-test-3.4.6.jar;C:\Users\ALEJANDRO\.m2\repository\org\springframework\kafka\spring-kafka-test\2.7.2\spring-kafka-test-2.7.2.jar;C:\Users\ALEJANDRO\.m2\repository\org\apache\kafka\kafka-clients\2.7.1\kafka-clients-2.7.1-test.jar;C:\Users\ALEJANDRO\.m2\repository\org\apache\kafka\kafka-streams\2.7.1\kafka-streams-2.7.1.jar;C:\Users\ALEJANDRO\.m2\repository\org\apache\kafka\connect-json\2.7.1\connect-json-2.7.1.jar;C:\Users\ALEJANDRO\.m2\repository\org\apache\kafka\connect-api\2.7.1\connect-api-2.7.1.jar;C:\Users\ALEJANDRO\.m2\repository\org\rocksdb\rocksdbjni\5.18.4\rocksdbjni-5.18.4.jar;C:\Users\ALEJANDRO\.m2\repository\org\apache\kafka\kafka-streams-test-utils\2.7.1\kafka-streams-test-utils-2.7.1.jar;C:\Users\ALEJANDRO\.m2\repository\org\apache\kafka\kafka_2.13\2.7.1\kafka_2.13-2.7.1.jar;C:\Users\ALEJANDRO\.m2\repository\org\apache\kafka\kafka-raft\2.7.1\kafka-raft-2.7.1.jar;C:\Users\ALEJANDRO\.m2\repository\com\fasterxml\jackson\module\jackson-module-scala_2.13\2.12.3\jackson-module-scala_2.13-2.12.3.jar;C:\Users\ALEJANDRO\.m2\repository\com\thoughtworks\paranamer\paranamer\2.8\paranamer-2.8.jar;C:\Users\ALEJANDRO\.m2\repository\com\fasterxml\jackson\dataformat\jackson-dataformat-csv\2.12.3\jackson-dataformat-csv-2.12.3.jar;C:\Users\ALEJANDRO\.m2\repository\net\sf\jopt-simple\jopt-simple\5.0.4\jopt-simple-5.0.4.jar;C:\Users\ALEJANDRO\.m2\repository\com\yammer\metrics\metrics-core\2.2.0\metrics-core-2.2.0.jar;C:\Users\ALEJANDRO\.m2\repository\org\scala-lang\modules\scala-collection-compat_2.13\2.2.0\scala-collection-compat_2.13-2.2.0.jar;C:\Users\ALEJANDRO\.m2\repository\org\scala-lang\modules\scala-java8-compat_2.13\0.9.1\scala-java8-compat_2.13-0.9.1.jar;C:\Users\ALEJANDRO\.m2\repository\org\scala-lang\scala-library\2.13.3\scala-library-2.13.3.jar;C:\Users\ALEJANDRO\.m2\repository\org\scala-lang\scala-reflect\2.13.3\scala-reflect-2.13.3.jar;C:\Users\ALEJANDRO\.m2\repository\com\typesafe\scala-logging\scala-logging_2.13\3.9.2\scala-logging_2.13-3.9.2.jar;C:\Users\ALEJANDRO\.m2\repository\org\apache\zookeeper\zookeeper\3.5.9\zookeeper-3.5.9.jar;C:\Users\ALEJANDRO\.m2\repository\org\apache\zookeeper\zookeeper-jute\3.5.9\zookeeper-jute-3.5.9.jar;C:\Users\ALEJANDRO\.m2\repository\org\apache\yetus\audience-annotations\0.5.0\audience-annotations-0.5.0.jar;C:\Users\ALEJANDRO\.m2\repository\io\netty\netty-handler\4.1.65.Final\netty-handler-4.1.65.Final.jar;C:\Users\ALEJANDRO\.m2\repository\io\netty\netty-transport-native-epoll\4.1.65.Final\netty-transport-native-epoll-4.1.65.Final.jar;C:\Users\ALEJANDRO\.m2\repository\commons-cli\commons-cli\1.4\commons-cli-1.4.jar;C:\Users\ALEJANDRO\.m2\repository\org\apache\kafka\kafka_2.13\2.7.1\kafka_2.13-2.7.1-test.jar;C:\Users\ALEJANDRO\.m2\repository\org\junit\jupiter\junit-jupiter-api\5.7.2\junit-jupiter-api-5.7.2.jar;C:\Users\ALEJANDRO\.m2\repository\org\apiguardian\apiguardian-api\1.1.0\apiguardian-api-1.1.0.jar;C:\Users\ALEJANDRO\.m2\repository\org\opentest4j\opentest4j\1.2.0\opentest4j-1.2.0.jar;C:\Users\ALEJANDRO\.m2\repository\org\junit\platform\junit-platform-commons\1.7.2\junit-platform-commons-1.7.2.jar;C:\Users\ALEJANDRO\.m2\repository\org\springframework\cloud\spring-cloud-starter-netflix-eureka-client\3.0.3\spring-cloud-starter-netflix-eureka-client-3.0.3.jar;C:\Users\ALEJANDRO\.m2\repository\org\springframework\cloud\spring-cloud-netflix-eureka-client\3.0.3\spring-cloud-netflix-eureka-client-3.0.3.jar;C:\Users\ALEJANDRO\.m2\repository\com\netflix\eureka\eureka-client\1.10.14\eureka-client-1.10.14.jar;C:\Users\ALEJANDRO\.m2\repository\com\netflix\netflix-commons\netflix-eventbus\0.3.0\netflix-eventbus-0.3.0.jar;C:\Users\ALEJANDRO\.m2\repository\com\netflix\netflix-commons\netflix-infix\0.3.0\netflix-infix-0.3.0.jar;C:\Users\ALEJANDRO\.m2\repository\commons-jxpath\commons-jxpath\1.3\commons-jxpath-1.3.jar;C:\Users\ALEJANDRO\.m2\repository\joda-time\joda-time\2.3\joda-time-2.3.jar;C:\Users\ALEJANDRO\.m2\repository\org\antlr\antlr-runtime\3.4\antlr-runtime-3.4.jar;C:\Users\ALEJANDRO\.m2\repository\org\antlr\stringtemplate\3.2.1\stringtemplate-3.2.1.jar;C:\Users\ALEJANDRO\.m2\repository\antlr\antlr\2.7.7\antlr-2.7.7.jar;C:\Users\ALEJANDRO\.m2\repository\com\google\code\gson\gson\2.8.7\gson-2.8.7.jar;C:\Users\ALEJANDRO\.m2\repository\org\apache\commons\commons-math\2.2\commons-math-2.2.jar;C:\Users\ALEJANDRO\.m2\repository\com\thoughtworks\xstream\xstream\1.4.16\xstream-1.4.16.jar;C:\Users\ALEJANDRO\.m2\repository\io\github\x-stream\mxparser\1.2.1\mxparser-1.2.1.jar;C:\Users\ALEJANDRO\.m2\repository\xmlpull\xmlpull\1.1.3.1\xmlpull-1.1.3.1.jar;C:\Users\ALEJANDRO\.m2\repository\javax\ws\rs\jsr311-api\1.1.1\jsr311-api-1.1.1.jar;C:\Users\ALEJANDRO\.m2\repository\com\netflix\servo\servo-core\0.12.21\servo-core-0.12.21.jar;C:\Users\ALEJANDRO\.m2\repository\com\google\guava\guava\19.0\guava-19.0.jar;C:\Users\ALEJANDRO\.m2\repository\commons-configuration\commons-configuration\1.10\commons-configuration-1.10.jar;C:\Users\ALEJANDRO\.m2\repository\commons-lang\commons-lang\2.6\commons-lang-2.6.jar;C:\Users\ALEJANDRO\.m2\repository\com\google\inject\guice\4.1.0\guice-4.1.0.jar;C:\Users\ALEJANDRO\.m2\repository\javax\inject\javax.inject\1\javax.inject-1.jar;C:\Users\ALEJANDRO\.m2\repository\aopalliance\aopalliance\1.0\aopalliance-1.0.jar;C:\Users\ALEJANDRO\.m2\repository\org\codehaus\jettison\jettison\1.4.0\jettison-1.4.0.jar;C:\Users\ALEJANDRO\.m2\repository\com\netflix\eureka\eureka-core\1.10.14\eureka-core-1.10.14.jar;C:\Users\ALEJANDRO\.m2\repository\com\fasterxml\woodstox\woodstox-core\6.2.1\woodstox-core-6.2.1.jar;C:\Users\ALEJANDRO\.m2\repository\org\codehaus\woodstox\stax2-api\4.2.1\stax2-api-4.2.1.jar;C:\Users\ALEJANDRO\.m2\repository\org\springframework\cloud\spring-cloud-starter-loadbalancer\3.0.3\spring-cloud-starter-loadbalancer-3.0.3.jar;C:\Users\ALEJANDRO\.m2\repository\org\springframework\cloud\spring-cloud-loadbalancer\3.0.3\spring-cloud-loadbalancer-3.0.3.jar;C:\Users\ALEJANDRO\.m2\repository\org\springframework\boot\spring-boot-starter-validation\2.5.1\spring-boot-starter-validation-2.5.1.jar;C:\Users\ALEJANDRO\.m2\repository\org\apache\tomcat\embed\tomcat-embed-el\9.0.46\tomcat-embed-el-9.0.46.jar;C:\Users\ALEJANDRO\.m2\repository\org\hibernate\validator\hibernate-validator\6.2.0.Final\hibernate-validator-6.2.0.Final.jar;C:\Users\ALEJANDRO\.m2\repository\jakarta\validation\jakarta.validation-api\2.0.2\jakarta.validation-api-2.0.2.jar;C:\Users\ALEJANDRO\.m2\repository\org\jboss\logging\jboss-logging\3.4.2.Final\jboss-logging-3.4.2.Final.jar;C:\Users\ALEJANDRO\.m2\repository\com\fasterxml\classmate\1.5.1\classmate-1.5.1.jar;C:\Users\ALEJANDRO\.m2\repository\io\projectreactor\addons\reactor-extra\3.4.3\reactor-extra-3.4.3.jar;C:\Users\ALEJANDRO\.m2\repository\org\springframework\boot\spring-boot-starter-cache\2.5.1\spring-boot-starter-cache-2.5.1.jar;C:\Users\ALEJANDRO\.m2\repository\org\springframework\spring-context-support\5.3.8\spring-context-support-5.3.8.jar;C:\Users\ALEJANDRO\.m2\repository\com\stoyanr\evictor\1.0.0\evictor-1.0.0.jar;C:\Users\ALEJANDRO\.m2\repository\org\springframework\boot\spring-boot-starter-aop\2.5.1\spring-boot-starter-aop-2.5.1.jar;C:\Users\ALEJANDRO\.m2\repository\org\springframework\spring-aop\5.3.8\spring-aop-5.3.8.jar;C:\Users\ALEJANDRO\.m2\repository\org\aspectj\aspectjweaver\1.9.6\aspectjweaver-1.9.6.jar;C:\Users\ALEJANDRO\.m2\repository\io\github\resilience4j\resilience4j-spring-boot2\1.7.0\resilience4j-spring-boot2-1.7.0.jar;C:\Users\ALEJANDRO\.m2\repository\io\vavr\vavr\0.10.2\vavr-0.10.2.jar;C:\Users\ALEJANDRO\.m2\repository\io\vavr\vavr-match\0.10.2\vavr-match-0.10.2.jar;C:\Users\ALEJANDRO\.m2\repository\org\slf4j\slf4j-api\1.7.30\slf4j-api-1.7.30.jar;C:\Users\ALEJANDRO\.m2\repository\io\github\resilience4j\resilience4j-spring\1.7.0\resilience4j-spring-1.7.0.jar;C:\Users\ALEJANDRO\.m2\repository\io\github\resilience4j\resilience4j-annotations\1.7.0\resilience4j-annotations-1.7.0.jar;C:\Users\ALEJANDRO\.m2\repository\io\github\resilience4j\resilience4j-consumer\1.7.0\resilience4j-consumer-1.7.0.jar;C:\Users\ALEJANDRO\.m2\repository\io\github\resilience4j\resilience4j-core\1.7.0\resilience4j-core-1.7.0.jar;C:\Users\ALEJANDRO\.m2\repository\io\github\resilience4j\resilience4j-circularbuffer\1.7.0\resilience4j-circularbuffer-1.7.0.jar;C:\Users\ALEJANDRO\.m2\repository\io\github\resilience4j\resilience4j-framework-common\1.7.0\resilience4j-framework-common-1.7.0.jar;C:\Users\ALEJANDRO\.m2\repository\io\github\resilience4j\resilience4j-circuitbreaker\1.7.0\resilience4j-circuitbreaker-1.7.0.jar;C:\Users\ALEJANDRO\.m2\repository\io\github\resilience4j\resilience4j-ratelimiter\1.7.0\resilience4j-ratelimiter-1.7.0.jar;C:\Users\ALEJANDRO\.m2\repository\io\github\resilience4j\resilience4j-retry\1.7.0\resilience4j-retry-1.7.0.jar;C:\Users\ALEJANDRO\.m2\repository\io\github\resilience4j\resilience4j-bulkhead\1.7.0\resilience4j-bulkhead-1.7.0.jar;C:\Users\ALEJANDRO\.m2\repository\io\github\resilience4j\resilience4j-timelimiter\1.7.0\resilience4j-timelimiter-1.7.0.jar;C:\Users\ALEJANDRO\.m2\repository\io\github\resilience4j\resilience4j-micrometer\1.7.0\resilience4j-micrometer-1.7.0.jar;C:\Users\ALEJANDRO\.m2\repository\io\github\resilience4j\resilience4j-reactor\1.7.0\resilience4j-reactor-1.7.0.jar;"/>
    <property name="java.vm.vendor" value="Oracle Corporation"/>
    <property name="sun.arch.data.model" value="64"/>
    <property name="user.variant" value=""/>
    <property name="java.vendor.url" value="http://java.oracle.com/"/>
    <property name="user.timezone" value="America/Bogota"/>
    <property name="java.vm.specification.version" value="1.8"/>
    <property name="os.name" value="Windows 10"/>
    <property name="user.country" value="MX"/>
    <property name="sun.java.launcher" value="SUN_STANDARD"/>
    <property name="sun.boot.library.path" value="C:\Program Files\Java\jdk1.8.0_251\jre\bin"/>
    <property name="sun.java.command" value="C:\Users\ALEJAN~1\AppData\Local\Temp\surefire3772554809201068164\surefirebooter8625737540327765624.jar C:\Users\ALEJANDRO\AppData\Local\Temp\surefire3772554809201068164 2021-06-28T12-03-20_571-jvmRun1 surefire3632089414907703006tmp surefire_01733054470452489968tmp"/>
    <property name="surefire.test.class.path" value="c:\Users\ALEJANDRO\OneDrive\Documentos\Eclipse Proyectos\SpringBoot\Github\proyecto2-everis\Proyecto2-everis\credit-payment-service\target\test-classes;c:\Users\ALEJANDRO\OneDrive\Documentos\Eclipse Proyectos\SpringBoot\Github\proyecto2-everis\Proyecto2-everis\credit-payment-service\target\classes;C:\Users\ALEJANDRO\.m2\repository\org\springframework\boot\spring-boot-starter-actuator\2.5.1\spring-boot-starter-actuator-2.5.1.jar;C:\Users\ALEJANDRO\.m2\repository\org\springframework\boot\spring-boot-starter\2.5.1\spring-boot-starter-2.5.1.jar;C:\Users\ALEJANDRO\.m2\repository\org\springframework\boot\spring-boot\2.5.1\spring-boot-2.5.1.jar;C:\Users\ALEJANDRO\.m2\repository\org\springframework\boot\spring-boot-autoconfigure\2.5.1\spring-boot-autoconfigure-2.5.1.jar;C:\Users\ALEJANDRO\.m2\repository\org\springframework\boot\spring-boot-starter-logging\2.5.1\spring-boot-starter-logging-2.5.1.jar;C:\Users\ALEJANDRO\.m2\repository\ch\qos\logback\logback-classic\1.2.3\logback-classic-1.2.3.jar;C:\Users\ALEJANDRO\.m2\repository\ch\qos\logback\logback-core\1.2.3\logback-core-1.2.3.jar;C:\Users\ALEJANDRO\.m2\repository\org\apache\logging\log4j\log4j-to-slf4j\2.14.1\log4j-to-slf4j-2.14.1.jar;C:\Users\ALEJANDRO\.m2\repository\org\apache\logging\log4j\log4j-api\2.14.1\log4j-api-2.14.1.jar;C:\Users\ALEJANDRO\.m2\repository\org\slf4j\jul-to-slf4j\1.7.30\jul-to-slf4j-1.7.30.jar;C:\Users\ALEJANDRO\.m2\repository\jakarta\annotation\jakarta.annotation-api\1.3.5\jakarta.annotation-api-1.3.5.jar;C:\Users\ALEJANDRO\.m2\repository\org\yaml\snakeyaml\1.28\snakeyaml-1.28.jar;C:\Users\ALEJANDRO\.m2\repository\org\springframework\boot\spring-boot-actuator-autoconfigure\2.5.1\spring-boot-actuator-autoconfigure-2.5.1.jar;C:\Users\ALEJANDRO\.m2\repository\org\springframework\boot\spring-boot-actuator\2.5.1\spring-boot-actuator-2.5.1.jar;C:\Users\ALEJANDRO\.m2\repository\com\fasterxml\jackson\datatype\jackson-datatype-jsr310\2.12.3\jackson-datatype-jsr310-2.12.3.jar;C:\Users\ALEJANDRO\.m2\repository\io\micrometer\micrometer-core\1.7.0\micrometer-core-1.7.0.jar;C:\Users\ALEJANDRO\.m2\repository\org\hdrhistogram\HdrHistogram\2.1.12\HdrHistogram-2.1.12.jar;C:\Users\ALEJANDRO\.m2\repository\org\latencyutils\LatencyUtils\2.0.3\LatencyUtils-2.0.3.jar;C:\Users\ALEJANDRO\.m2\repository\org\springframework\boot\spring-boot-starter-data-mongodb-reactive\2.5.1\spring-boot-starter-data-mongodb-reactive-2.5.1.jar;C:\Users\ALEJANDRO\.m2\repository\io\projectreactor\reactor-core\3.4.6\reactor-core-3.4.6.jar;C:\Users\ALEJANDRO\.m2\repository\org\reactivestreams\reactive-streams\1.0.3\reactive-streams-1.0.3.jar;C:\Users\ALEJANDRO\.m2\repository\org\mongodb\mongodb-driver-reactivestreams\4.2.3\mongodb-driver-reactivestreams-4.2.3.jar;C:\Users\ALEJANDRO\.m2\repository\org\mongodb\bson\4.2.3\bson-4.2.3.jar;C:\Users\ALEJANDRO\.m2\repository\org\mongodb\mongodb-driver-core\4.2.3\mongodb-driver-core-4.2.3.jar;C:\Users\ALEJANDRO\.m2\repository\org\springframework\data\spring-data-mongodb\3.2.1\spring-data-mongodb-3.2.1.jar;C:\Users\ALEJANDRO\.m2\repository\org\springframework\spring-beans\5.3.8\spring-beans-5.3.8.jar;C:\Users\ALEJANDRO\.m2\repository\org\springframework\spring-expression\5.3.8\spring-expression-5.3.8.jar;C:\Users\ALEJANDRO\.m2\repository\org\springframework\data\spring-data-commons\2.5.1\spring-data-commons-2.5.1.jar;C:\Users\ALEJANDRO\.m2\repository\org\springframework\boot\spring-boot-starter-webflux\2.5.1\spring-boot-starter-webflux-2.5.1.jar;C:\Users\ALEJANDRO\.m2\repository\org\springframework\boot\spring-boot-starter-json\2.5.1\spring-boot-starter-json-2.5.1.jar;C:\Users\ALEJANDRO\.m2\repository\com\fasterxml\jackson\datatype\jackson-datatype-jdk8\2.12.3\jackson-datatype-jdk8-2.12.3.jar;C:\Users\ALEJANDRO\.m2\repository\com\fasterxml\jackson\module\jackson-module-parameter-names\2.12.3\jackson-module-parameter-names-2.12.3.jar;C:\Users\ALEJANDRO\.m2\repository\org\springframework\boot\spring-boot-starter-reactor-netty\2.5.1\spring-boot-starter-reactor-netty-2.5.1.jar;C:\Users\ALEJANDRO\.m2\repository\io\projectreactor\netty\reactor-netty-http\1.0.7\reactor-netty-http-1.0.7.jar;C:\Users\ALEJANDRO\.m2\repository\io\netty\netty-codec-http\4.1.65.Final\netty-codec-http-4.1.65.Final.jar;C:\Users\ALEJANDRO\.m2\repository\io\netty\netty-common\4.1.65.Final\netty-common-4.1.65.Final.jar;C:\Users\ALEJANDRO\.m2\repository\io\netty\netty-buffer\4.1.65.Final\netty-buffer-4.1.65.Final.jar;C:\Users\ALEJANDRO\.m2\repository\io\netty\netty-transport\4.1.65.Final\netty-transport-4.1.65.Final.jar;C:\Users\ALEJANDRO\.m2\repository\io\netty\netty-codec\4.1.65.Final\netty-codec-4.1.65.Final.jar;C:\Users\ALEJANDRO\.m2\repository\io\netty\netty-codec-http2\4.1.65.Final\netty-codec-http2-4.1.65.Final.jar;C:\Users\ALEJANDRO\.m2\repository\io\netty\netty-resolver-dns\4.1.65.Final\netty-resolver-dns-4.1.65.Final.jar;C:\Users\ALEJANDRO\.m2\repository\io\netty\netty-resolver\4.1.65.Final\netty-resolver-4.1.65.Final.jar;C:\Users\ALEJANDRO\.m2\repository\io\netty\netty-codec-dns\4.1.65.Final\netty-codec-dns-4.1.65.Final.jar;C:\Users\ALEJANDRO\.m2\repository\io\netty\netty-resolver-dns-native-macos\4.1.65.Final\netty-resolver-dns-native-macos-4.1.65.Final-osx-x86_64.jar;C:\Users\ALEJANDRO\.m2\repository\io\netty\netty-transport-native-unix-common\4.1.65.Final\netty-transport-native-unix-common-4.1.65.Final.jar;C:\Users\ALEJANDRO\.m2\repository\io\netty\netty-transport-native-epoll\4.1.65.Final\netty-transport-native-epoll-4.1.65.Final-linux-x86_64.jar;C:\Users\ALEJANDRO\.m2\repository\io\projectreactor\netty\reactor-netty-core\1.0.7\reactor-netty-core-1.0.7.jar;C:\Users\ALEJANDRO\.m2\repository\io\netty\netty-handler-proxy\4.1.65.Final\netty-handler-proxy-4.1.65.Final.jar;C:\Users\ALEJANDRO\.m2\repository\io\netty\netty-codec-socks\4.1.65.Final\netty-codec-socks-4.1.65.Final.jar;C:\Users\ALEJANDRO\.m2\repository\org\springframework\spring-web\5.3.8\spring-web-5.3.8.jar;C:\Users\ALEJANDRO\.m2\repository\org\springframework\spring-webflux\5.3.8\spring-webflux-5.3.8.jar;C:\Users\ALEJANDRO\.m2\repository\org\springframework\cloud\spring-cloud-starter\3.0.3\spring-cloud-starter-3.0.3.jar;C:\Users\ALEJANDRO\.m2\repository\org\springframework\cloud\spring-cloud-context\3.0.3\spring-cloud-context-3.0.3.jar;C:\Users\ALEJANDRO\.m2\repository\org\springframework\security\spring-security-crypto\5.5.0\spring-security-crypto-5.5.0.jar;C:\Users\ALEJANDRO\.m2\repository\org\springframework\cloud\spring-cloud-commons\3.0.3\spring-cloud-commons-3.0.3.jar;C:\Users\ALEJANDRO\.m2\repository\org\springframework\security\spring-security-rsa\1.0.10.RELEASE\spring-security-rsa-1.0.10.RELEASE.jar;C:\Users\ALEJANDRO\.m2\repository\org\bouncycastle\bcpkix-jdk15on\1.68\bcpkix-jdk15on-1.68.jar;C:\Users\ALEJANDRO\.m2\repository\org\bouncycastle\bcprov-jdk15on\1.68\bcprov-jdk15on-1.68.jar;C:\Users\ALEJANDRO\.m2\repository\org\springframework\cloud\spring-cloud-starter-config\3.0.4\spring-cloud-starter-config-3.0.4.jar;C:\Users\ALEJANDRO\.m2\repository\org\springframework\cloud\spring-cloud-config-client\3.0.4\spring-cloud-config-client-3.0.4.jar;C:\Users\ALEJANDRO\.m2\repository\com\fasterxml\jackson\core\jackson-annotations\2.12.3\jackson-annotations-2.12.3.jar;C:\Users\ALEJANDRO\.m2\repository\org\apache\httpcomponents\httpclient\4.5.13\httpclient-4.5.13.jar;C:\Users\ALEJANDRO\.m2\repository\org\apache\httpcomponents\httpcore\4.4.14\httpcore-4.4.14.jar;C:\Users\ALEJANDRO\.m2\repository\commons-codec\commons-codec\1.15\commons-codec-1.15.jar;C:\Users\ALEJANDRO\.m2\repository\com\fasterxml\jackson\core\jackson-databind\2.12.3\jackson-databind-2.12.3.jar;C:\Users\ALEJANDRO\.m2\repository\com\fasterxml\jackson\core\jackson-core\2.12.3\jackson-core-2.12.3.jar;C:\Users\ALEJANDRO\.m2\repository\org\springframework\cloud\spring-cloud-starter-bootstrap\3.0.3\spring-cloud-starter-bootstrap-3.0.3.jar;C:\Users\ALEJANDRO\.m2\repository\org\springframework\kafka\spring-kafka\2.7.2\spring-kafka-2.7.2.jar;C:\Users\ALEJANDRO\.m2\repository\org\springframework\spring-context\5.3.8\spring-context-5.3.8.jar;C:\Users\ALEJANDRO\.m2\repository\org\springframework\spring-messaging\5.3.8\spring-messaging-5.3.8.jar;C:\Users\ALEJANDRO\.m2\repository\org\springframework\spring-tx\5.3.8\spring-tx-5.3.8.jar;C:\Users\ALEJANDRO\.m2\repository\org\springframework\retry\spring-retry\1.3.1\spring-retry-1.3.1.jar;C:\Users\ALEJANDRO\.m2\repository\org\apache\kafka\kafka-clients\2.7.1\kafka-clients-2.7.1.jar;C:\Users\ALEJANDRO\.m2\repository\com\github\luben\zstd-jni\1.4.5-6\zstd-jni-1.4.5-6.jar;C:\Users\ALEJANDRO\.m2\repository\org\lz4\lz4-java\1.7.1\lz4-java-1.7.1.jar;C:\Users\ALEJANDRO\.m2\repository\org\xerial\snappy\snappy-java\1.1.7.7\snappy-java-1.1.7.7.jar;C:\Users\ALEJANDRO\.m2\repository\org\jetbrains\kotlin\kotlin-stdlib\1.5.10\kotlin-stdlib-1.5.10.jar;C:\Users\ALEJANDRO\.m2\repository\org\jetbrains\annotations\13.0\annotations-13.0.jar;C:\Users\ALEJANDRO\.m2\repository\org\jetbrains\kotlin\kotlin-stdlib-common\1.5.10\kotlin-stdlib-common-1.5.10.jar;C:\Users\ALEJANDRO\.m2\repository\com\google\code\findbugs\jsr305\3.0.2\jsr305-3.0.2.jar;C:\Users\ALEJANDRO\.m2\repository\org\projectlombok\lombok\1.18.20\lombok-1.18.20.jar;C:\Users\ALEJANDRO\.m2\repository\org\springframework\boot\spring-boot-starter-test\2.5.1\spring-boot-starter-test-2.5.1.jar;C:\Users\ALEJANDRO\.m2\repository\org\springframework\boot\spring-boot-test\2.5.1\spring-boot-test-2.5.1.jar;C:\Users\ALEJANDRO\.m2\repository\org\springframework\boot\spring-boot-test-autoconfigure\2.5.1\spring-boot-test-autoconfigure-2.5.1.jar;C:\Users\ALEJANDRO\.m2\repository\com\jayway\jsonpath\json-path\2.5.0\json-path-2.5.0.jar;C:\Users\ALEJANDRO\.m2\repository\net\minidev\json-smart\2.4.7\json-smart-2.4.7.jar;C:\Users\ALEJANDRO\.m2\repository\net\minidev\accessors-smart\2.4.7\accessors-smart-2.4.7.jar;C:\Users\ALEJANDRO\.m2\repository\org\ow2\asm\asm\9.1\asm-9.1.jar;C:\Users\ALEJANDRO\.m2\repository\jakarta\xml\bind\jakarta.xml.bind-api\2.3.3\jakarta.xml.bind-api-2.3.3.jar;C:\Users\ALEJANDRO\.m2\repository\jakarta\activation\jakarta.activation-api\1.2.2\jakarta.activation-api-1.2.2.jar;C:\Users\ALEJANDRO\.m2\repository\org\assertj\assertj-core\3.19.0\assertj-core-3.19.0.jar;C:\Users\ALEJANDRO\.m2\repository\org\hamcrest\hamcrest\2.2\hamcrest-2.2.jar;C:\Users\ALEJANDRO\.m2\repository\org\junit\jupiter\junit-jupiter\5.7.2\junit-jupiter-5.7.2.jar;C:\Users\ALEJANDRO\.m2\repository\org\junit\jupiter\junit-jupiter-params\5.7.2\junit-jupiter-params-5.7.2.jar;C:\Users\ALEJANDRO\.m2\repository\org\junit\jupiter\junit-jupiter-engine\5.7.2\junit-jupiter-engine-5.7.2.jar;C:\Users\ALEJANDRO\.m2\repository\org\junit\platform\junit-platform-engine\1.7.2\junit-platform-engine-1.7.2.jar;C:\Users\ALEJANDRO\.m2\repository\org\mockito\mockito-core\3.9.0\mockito-core-3.9.0.jar;C:\Users\ALEJANDRO\.m2\repository\net\bytebuddy\byte-buddy\1.10.22\byte-buddy-1.10.22.jar;C:\Users\ALEJANDRO\.m2\repository\net\bytebuddy\byte-buddy-agent\1.10.22\byte-buddy-agent-1.10.22.jar;C:\Users\ALEJANDRO\.m2\repository\org\objenesis\objenesis\3.2\objenesis-3.2.jar;C:\Users\ALEJANDRO\.m2\repository\org\mockito\mockito-junit-jupiter\3.9.0\mockito-junit-jupiter-3.9.0.jar;C:\Users\ALEJANDRO\.m2\repository\org\skyscreamer\jsonassert\1.5.0\jsonassert-1.5.0.jar;C:\Users\ALEJANDRO\.m2\repository\com\vaadin\external\google\android-json\0.0.20131108.vaadin1\android-json-0.0.20131108.vaadin1.jar;C:\Users\ALEJANDRO\.m2\repository\org\springframework\spring-core\5.3.8\spring-core-5.3.8.jar;C:\Users\ALEJANDRO\.m2\repository\org\springframework\spring-jcl\5.3.8\spring-jcl-5.3.8.jar;C:\Users\ALEJANDRO\.m2\repository\org\springframework\spring-test\5.3.8\spring-test-5.3.8.jar;C:\Users\ALEJANDRO\.m2\repository\org\xmlunit\xmlunit-core\2.8.2\xmlunit-core-2.8.2.jar;C:\Users\ALEJANDRO\.m2\repository\io\projectreactor\reactor-test\3.4.6\reactor-test-3.4.6.jar;C:\Users\ALEJANDRO\.m2\repository\org\springframework\kafka\spring-kafka-test\2.7.2\spring-kafka-test-2.7.2.jar;C:\Users\ALEJANDRO\.m2\repository\org\apache\kafka\kafka-clients\2.7.1\kafka-clients-2.7.1-test.jar;C:\Users\ALEJANDRO\.m2\repository\org\apache\kafka\kafka-streams\2.7.1\kafka-streams-2.7.1.jar;C:\Users\ALEJANDRO\.m2\repository\org\apache\kafka\connect-json\2.7.1\connect-json-2.7.1.jar;C:\Users\ALEJANDRO\.m2\repository\org\apache\kafka\connect-api\2.7.1\connect-api-2.7.1.jar;C:\Users\ALEJANDRO\.m2\repository\org\rocksdb\rocksdbjni\5.18.4\rocksdbjni-5.18.4.jar;C:\Users\ALEJANDRO\.m2\repository\org\apache\kafka\kafka-streams-test-utils\2.7.1\kafka-streams-test-utils-2.7.1.jar;C:\Users\ALEJANDRO\.m2\repository\org\apache\kafka\kafka_2.13\2.7.1\kafka_2.13-2.7.1.jar;C:\Users\ALEJANDRO\.m2\repository\org\apache\kafka\kafka-raft\2.7.1\kafka-raft-2.7.1.jar;C:\Users\ALEJANDRO\.m2\repository\com\fasterxml\jackson\module\jackson-module-scala_2.13\2.12.3\jackson-module-scala_2.13-2.12.3.jar;C:\Users\ALEJANDRO\.m2\repository\com\thoughtworks\paranamer\paranamer\2.8\paranamer-2.8.jar;C:\Users\ALEJANDRO\.m2\repository\com\fasterxml\jackson\dataformat\jackson-dataformat-csv\2.12.3\jackson-dataformat-csv-2.12.3.jar;C:\Users\ALEJANDRO\.m2\repository\net\sf\jopt-simple\jopt-simple\5.0.4\jopt-simple-5.0.4.jar;C:\Users\ALEJANDRO\.m2\repository\com\yammer\metrics\metrics-core\2.2.0\metrics-core-2.2.0.jar;C:\Users\ALEJANDRO\.m2\repository\org\scala-lang\modules\scala-collection-compat_2.13\2.2.0\scala-collection-compat_2.13-2.2.0.jar;C:\Users\ALEJANDRO\.m2\repository\org\scala-lang\modules\scala-java8-compat_2.13\0.9.1\scala-java8-compat_2.13-0.9.1.jar;C:\Users\ALEJANDRO\.m2\repository\org\scala-lang\scala-library\2.13.3\scala-library-2.13.3.jar;C:\Users\ALEJANDRO\.m2\repository\org\scala-lang\scala-reflect\2.13.3\scala-reflect-2.13.3.jar;C:\Users\ALEJANDRO\.m2\repository\com\typesafe\scala-logging\scala-logging_2.13\3.9.2\scala-logging_2.13-3.9.2.jar;C:\Users\ALEJANDRO\.m2\repository\org\apache\zookeeper\zookeeper\3.5.9\zookeeper-3.5.9.jar;C:\Users\ALEJANDRO\.m2\repository\org\apache\zookeeper\zookeeper-jute\3.5.9\zookeeper-jute-3.5.9.jar;C:\Users\ALEJANDRO\.m2\repository\org\apache\yetus\audience-annotations\0.5.0\audience-annotations-0.5.0.jar;C:\Users\ALEJANDRO\.m2\repository\io\netty\netty-handler\4.1.65.Final\netty-handler-4.1.65.Final.jar;C:\Users\ALEJANDRO\.m2\repository\io\netty\netty-transport-native-epoll\4.1.65.Final\netty-transport-native-epoll-4.1.65.Final.jar;C:\Users\ALEJANDRO\.m2\repository\commons-cli\commons-cli\1.4\commons-cli-1.4.jar;C:\Users\ALEJANDRO\.m2\repository\org\apache\kafka\kafka_2.13\2.7.1\kafka_2.13-2.7.1-test.jar;C:\Users\ALEJANDRO\.m2\repository\org\junit\jupiter\junit-jupiter-api\5.7.2\junit-jupiter-api-5.7.2.jar;C:\Users\ALEJANDRO\.m2\repository\org\apiguardian\apiguardian-api\1.1.0\apiguardian-api-1.1.0.jar;C:\Users\ALEJANDRO\.m2\repository\org\opentest4j\opentest4j\1.2.0\opentest4j-1.2.0.jar;C:\Users\ALEJANDRO\.m2\repository\org\junit\platform\junit-platform-commons\1.7.2\junit-platform-commons-1.7.2.jar;C:\Users\ALEJANDRO\.m2\repository\org\springframework\cloud\spring-cloud-starter-netflix-eureka-client\3.0.3\spring-cloud-starter-netflix-eureka-client-3.0.3.jar;C:\Users\ALEJANDRO\.m2\repository\org\springframework\cloud\spring-cloud-netflix-eureka-client\3.0.3\spring-cloud-netflix-eureka-client-3.0.3.jar;C:\Users\ALEJANDRO\.m2\repository\com\netflix\eureka\eureka-client\1.10.14\eureka-client-1.10.14.jar;C:\Users\ALEJANDRO\.m2\repository\com\netflix\netflix-commons\netflix-eventbus\0.3.0\netflix-eventbus-0.3.0.jar;C:\Users\ALEJANDRO\.m2\repository\com\netflix\netflix-commons\netflix-infix\0.3.0\netflix-infix-0.3.0.jar;C:\Users\ALEJANDRO\.m2\repository\commons-jxpath\commons-jxpath\1.3\commons-jxpath-1.3.jar;C:\Users\ALEJANDRO\.m2\repository\joda-time\joda-time\2.3\joda-time-2.3.jar;C:\Users\ALEJANDRO\.m2\repository\org\antlr\antlr-runtime\3.4\antlr-runtime-3.4.jar;C:\Users\ALEJANDRO\.m2\repository\org\antlr\stringtemplate\3.2.1\stringtemplate-3.2.1.jar;C:\Users\ALEJANDRO\.m2\repository\antlr\antlr\2.7.7\antlr-2.7.7.jar;C:\Users\ALEJANDRO\.m2\repository\com\google\code\gson\gson\2.8.7\gson-2.8.7.jar;C:\Users\ALEJANDRO\.m2\repository\org\apache\commons\commons-math\2.2\commons-math-2.2.jar;C:\Users\ALEJANDRO\.m2\repository\com\thoughtworks\xstream\xstream\1.4.16\xstream-1.4.16.jar;C:\Users\ALEJANDRO\.m2\repository\io\github\x-stream\mxparser\1.2.1\mxparser-1.2.1.jar;C:\Users\ALEJANDRO\.m2\repository\xmlpull\xmlpull\1.1.3.1\xmlpull-1.1.3.1.jar;C:\Users\ALEJANDRO\.m2\repository\javax\ws\rs\jsr311-api\1.1.1\jsr311-api-1.1.1.jar;C:\Users\ALEJANDRO\.m2\repository\com\netflix\servo\servo-core\0.12.21\servo-core-0.12.21.jar;C:\Users\ALEJANDRO\.m2\repository\com\google\guava\guava\19.0\guava-19.0.jar;C:\Users\ALEJANDRO\.m2\repository\commons-configuration\commons-configuration\1.10\commons-configuration-1.10.jar;C:\Users\ALEJANDRO\.m2\repository\commons-lang\commons-lang\2.6\commons-lang-2.6.jar;C:\Users\ALEJANDRO\.m2\repository\com\google\inject\guice\4.1.0\guice-4.1.0.jar;C:\Users\ALEJANDRO\.m2\repository\javax\inject\javax.inject\1\javax.inject-1.jar;C:\Users\ALEJANDRO\.m2\repository\aopalliance\aopalliance\1.0\aopalliance-1.0.jar;C:\Users\ALEJANDRO\.m2\repository\org\codehaus\jettison\jettison\1.4.0\jettison-1.4.0.jar;C:\Users\ALEJANDRO\.m2\repository\com\netflix\eureka\eureka-core\1.10.14\eureka-core-1.10.14.jar;C:\Users\ALEJANDRO\.m2\repository\com\fasterxml\woodstox\woodstox-core\6.2.1\woodstox-core-6.2.1.jar;C:\Users\ALEJANDRO\.m2\repository\org\codehaus\woodstox\stax2-api\4.2.1\stax2-api-4.2.1.jar;C:\Users\ALEJANDRO\.m2\repository\org\springframework\cloud\spring-cloud-starter-loadbalancer\3.0.3\spring-cloud-starter-loadbalancer-3.0.3.jar;C:\Users\ALEJANDRO\.m2\repository\org\springframework\cloud\spring-cloud-loadbalancer\3.0.3\spring-cloud-loadbalancer-3.0.3.jar;C:\Users\ALEJANDRO\.m2\repository\org\springframework\boot\spring-boot-starter-validation\2.5.1\spring-boot-starter-validation-2.5.1.jar;C:\Users\ALEJANDRO\.m2\repository\org\apache\tomcat\embed\tomcat-embed-el\9.0.46\tomcat-embed-el-9.0.46.jar;C:\Users\ALEJANDRO\.m2\repository\org\hibernate\validator\hibernate-validator\6.2.0.Final\hibernate-validator-6.2.0.Final.jar;C:\Users\ALEJANDRO\.m2\repository\jakarta\validation\jakarta.validation-api\2.0.2\jakarta.validation-api-2.0.2.jar;C:\Users\ALEJANDRO\.m2\repository\org\jboss\logging\jboss-logging\3.4.2.Final\jboss-logging-3.4.2.Final.jar;C:\Users\ALEJANDRO\.m2\repository\com\fasterxml\classmate\1.5.1\classmate-1.5.1.jar;C:\Users\ALEJANDRO\.m2\repository\io\projectreactor\addons\reactor-extra\3.4.3\reactor-extra-3.4.3.jar;C:\Users\ALEJANDRO\.m2\repository\org\springframework\boot\spring-boot-starter-cache\2.5.1\spring-boot-starter-cache-2.5.1.jar;C:\Users\ALEJANDRO\.m2\repository\org\springframework\spring-context-support\5.3.8\spring-context-support-5.3.8.jar;C:\Users\ALEJANDRO\.m2\repository\com\stoyanr\evictor\1.0.0\evictor-1.0.0.jar;C:\Users\ALEJANDRO\.m2\repository\org\springframework\boot\spring-boot-starter-aop\2.5.1\spring-boot-starter-aop-2.5.1.jar;C:\Users\ALEJANDRO\.m2\repository\org\springframework\spring-aop\5.3.8\spring-aop-5.3.8.jar;C:\Users\ALEJANDRO\.m2\repository\org\aspectj\aspectjweaver\1.9.6\aspectjweaver-1.9.6.jar;C:\Users\ALEJANDRO\.m2\repository\io\github\resilience4j\resilience4j-spring-boot2\1.7.0\resilience4j-spring-boot2-1.7.0.jar;C:\Users\ALEJANDRO\.m2\repository\io\vavr\vavr\0.10.2\vavr-0.10.2.jar;C:\Users\ALEJANDRO\.m2\repository\io\vavr\vavr-match\0.10.2\vavr-match-0.10.2.jar;C:\Users\ALEJANDRO\.m2\repository\org\slf4j\slf4j-api\1.7.30\slf4j-api-1.7.30.jar;C:\Users\ALEJANDRO\.m2\repository\io\github\resilience4j\resilience4j-spring\1.7.0\resilience4j-spring-1.7.0.jar;C:\Users\ALEJANDRO\.m2\repository\io\github\resilience4j\resilience4j-annotations\1.7.0\resilience4j-annotations-1.7.0.jar;C:\Users\ALEJANDRO\.m2\repository\io\github\resilience4j\resilience4j-consumer\1.7.0\resilience4j-consumer-1.7.0.jar;C:\Users\ALEJANDRO\.m2\repository\io\github\resilience4j\resilience4j-core\1.7.0\resilience4j-core-1.7.0.jar;C:\Users\ALEJANDRO\.m2\repository\io\github\resilience4j\resilience4j-circularbuffer\1.7.0\resilience4j-circularbuffer-1.7.0.jar;C:\Users\ALEJANDRO\.m2\repository\io\github\resilience4j\resilience4j-framework-common\1.7.0\resilience4j-framework-common-1.7.0.jar;C:\Users\ALEJANDRO\.m2\repository\io\github\resilience4j\resilience4j-circuitbreaker\1.7.0\resilience4j-circuitbreaker-1.7.0.jar;C:\Users\ALEJANDRO\.m2\repository\io\github\resilience4j\resilience4j-ratelimiter\1.7.0\resilience4j-ratelimiter-1.7.0.jar;C:\Users\ALEJANDRO\.m2\repository\io\github\resilience4j\resilience4j-retry\1.7.0\resilience4j-retry-1.7.0.jar;C:\Users\ALEJANDRO\.m2\repository\io\github\resilience4j\resilience4j-bulkhead\1.7.0\resilience4j-bulkhead-1.7.0.jar;C:\Users\ALEJANDRO\.m2\repository\io\github\resilience4j\resilience4j-timelimiter\1.7.0\resilience4j-timelimiter-1.7.0.jar;C:\Users\ALEJANDRO\.m2\repository\io\github\resilience4j\resilience4j-micrometer\1.7.0\resilience4j-micrometer-1.7.0.jar;C:\Users\ALEJANDRO\.m2\repository\io\github\resilience4j\resilience4j-reactor\1.7.0\resilience4j-reactor-1.7.0.jar;"/>
    <property name="sun.cpu.endian" value="little"/>
    <property name="user.home" value="C:\Users\ALEJANDRO"/>
    <property name="user.language" value="es"/>
    <property name="java.specification.vendor" value="Oracle Corporation"/>
    <property name="java.home" value="C:\Program Files\Java\jdk1.8.0_251\jre"/>
    <property name="basedir" value="c:\Users\ALEJANDRO\OneDrive\Documentos\Eclipse Proyectos\SpringBoot\Github\proyecto2-everis\Proyecto2-everis\credit-payment-service"/>
    <property name="file.separator" value="\"/>
    <property name="line.separator" value="&#10;"/>
    <property name="java.vm.specification.vendor" value="Oracle Corporation"/>
    <property name="java.specification.name" value="Java Platform API Specification"/>
    <property name="java.awt.graphicsenv" value="sun.awt.Win32GraphicsEnvironment"/>
    <property name="surefire.real.class.path" value="C:\Users\ALEJAN~1\AppData\Local\Temp\surefire3772554809201068164\surefirebooter8625737540327765624.jar"/>
    <property name="sun.boot.class.path" value="C:\Program Files\Java\jdk1.8.0_251\jre\lib\resources.jar;C:\Program Files\Java\jdk1.8.0_251\jre\lib\rt.jar;C:\Program Files\Java\jdk1.8.0_251\jre\lib\sunrsasign.jar;C:\Program Files\Java\jdk1.8.0_251\jre\lib\jsse.jar;C:\Program Files\Java\jdk1.8.0_251\jre\lib\jce.jar;C:\Program Files\Java\jdk1.8.0_251\jre\lib\charsets.jar;C:\Program Files\Java\jdk1.8.0_251\jre\lib\jfr.jar;C:\Program Files\Java\jdk1.8.0_251\jre\classes"/>
    <property name="user.script" value=""/>
    <property name="sun.management.compiler" value="HotSpot 64-Bit Tiered Compilers"/>
    <property name="java.runtime.version" value="1.8.0_251-b08"/>
    <property name="user.name" value="ALEJANDRO"/>
    <property name="path.separator" value=";"/>
    <property name="os.version" value="10.0"/>
    <property name="java.endorsed.dirs" value="C:\Program Files\Java\jdk1.8.0_251\jre\lib\endorsed"/>
    <property name="java.runtime.name" value="Java(TM) SE Runtime Environment"/>
    <property name="file.encoding" value="Cp1252"/>
    <property name="java.vm.name" value="Java HotSpot(TM) 64-Bit Server VM"/>
    <property name="localRepository" value="C:\Users\ALEJANDRO\.m2\repository"/>
    <property name="java.vendor.url.bug" value="http://bugreport.sun.com/bugreport/"/>
    <property name="java.io.tmpdir" value="C:\Users\ALEJAN~1\AppData\Local\Temp\"/>
    <property name="java.version" value="1.8.0_251"/>
    <property name="user.dir" value="c:\Users\ALEJANDRO\OneDrive\Documentos\Eclipse Proyectos\SpringBoot\Github\proyecto2-everis\Proyecto2-everis\credit-payment-service"/>
    <property name="os.arch" value="amd64"/>
    <property name="java.vm.specification.name" value="Java Virtual Machine Specification"/>
    <property name="java.awt.printerjob" value="sun.awt.windows.WPrinterJob"/>
    <property name="sun.os.patch.level" value=""/>
    <property name="java.library.path" value="C:\Program Files\Java\jdk1.8.0_251\jre\bin;C:\Windows\Sun\Java\bin;C:\Windows\system32;C:\Windows;C:/sts-4.10.0.RELEASE//plugins/org.eclipse.justj.openjdk.hotspot.jre.full.win32.x86_64_15.0.2.v20210201-0955/jre/bin/server;C:/sts-4.10.0.RELEASE//plugins/org.eclipse.justj.openjdk.hotspot.jre.full.win32.x86_64_15.0.2.v20210201-0955/jre/bin;C:\oraclexe\app\oracle\product\11.2.0\server\bin;C:\Program Files (x86)\Common Files\Oracle\Java\javapath;C:\Windows\system32;C:\Windows;C:\Windows\System32\Wbem;C:\Windows\System32\WindowsPowerShell\v1.0\;C:\Windows\System32\OpenSSH\;C:\Program Files (x86)\NVIDIA Corporation\PhysX\Common;C:\apache-tomcat-9.0.40\bin;C:\Program Files\Java\jdk1.8.0_251\bin;C:\Program Files\NVIDIA Corporation\NVIDIA NvDLISR;C:\Program Files (x86)\Microsoft SQL Server\150\Tools\Binn\;C:\Program Files\Microsoft SQL Server\150\Tools\Binn\;C:\Program Files (x86)\Microsoft SQL Server\150\DTS\Binn\;C:\Program Files\Microsoft SQL Server\150\DTS\Binn\;C:\Program Files\Microsoft SQL Server\Client SDK\ODBC\170\Tools\Binn\;C:\Program Files\Azure Data Studio\bin;C:\Program Files\dotnet\;C:\Program Files\Microsoft SQL Server\130\Tools\Binn\;C:\Program Files\Git\cmd;C:\Program Files\Docker\Docker\resources\bin;C:\ProgramData\DockerDesktop\version-bin;C:\Program Files\apache-maven-3.8.1\bin;C:\Program Files\Java\jdk1.8.0_251\bin;C:\Program Files\apache-maven-3.8.1\bin;C:\Program Files\Java\jdk1.8.0_251\bin;C:\Users\ALEJANDRO\AppData\Local\Microsoft\WindowsApps;C:\Program Files\Azure Data Studio\bin;C:\Users\ALEJANDRO\.dotnet\tools;C:\Program Files\apache-maven-3.8.1\bin;;C:\sts-4.10.0.RELEASE;;."/>
    <property name="java.vm.info" value="mixed mode"/>
    <property name="java.vendor" value="Oracle Corporation"/>
    <property name="java.vm.version" value="25.251-b08"/>
    <property name="java.ext.dirs" value="C:\Program Files\Java\jdk1.8.0_251\jre\lib\ext;C:\Windows\Sun\Java\lib\ext"/>
    <property name="sun.io.unicode.encoding" value="UnicodeLittle"/>
    <property name="java.class.version" value="52.0"/>
  </properties>
  <testcase name="contextLoads" classname="com.everis.CreditPaymentServiceApplicationTests" time="0.103"/>
</testsuite>